<?xml version="1.0" encoding="UTF-8"?>
<!-- Generated by org.testng.reporters.JUnitReportReporter -->
<testsuite hostname="DESKTOP-UE7RBIH" failures="0" tests="1" name="runner.test_runner1" time="33.684" errors="0" timestamp="3 Nov 2022 08:10:14 GMT">
  <testcase classname="runner.test_runner1" name="runScenario" time="33.684"/>
</testsuite> <!-- runner.test_runner1 -->
