<?xml version="1.0" encoding="UTF-8"?>
<!-- Generated by org.testng.reporters.JUnitReportReporter -->
<testsuite hostname="DESKTOP-UE7RBIH" failures="0" tests="3" name="runner.test_runner3" time="76.848" errors="0" timestamp="3 Nov 2022 12:22:57 GMT">
  <testcase classname="runner.test_runner3" name="runScenario" time="24.232"/>
  <testcase classname="runner.test_runner3" name="runScenario" time="25.836"/>
  <testcase classname="runner.test_runner3" name="runScenario" time="26.780"/>
</testsuite> <!-- runner.test_runner3 -->
